[2023-01-24T19:20:24.734] [WARN] warn - method GET and route http://localhost:8080/favicon.ico not implemented
[2023-01-24T19:20:58.941] [WARN] warn - method GET and route http://localhost:8080/content/indexSocket.js not implemented
[2023-01-24T19:27:06.282] [WARN] warn - method DELETE and route http://localhost:8080/logout not implemented
[2023-01-24T19:27:12.746] [WARN] warn - method GET and route http://localhost:8080/content/indexSocket.js not implemented
[2023-01-24T19:28:43.949] [WARN] warn - method GET and route http://localhost:8080/src/content/indexSocket.js not implemented
[2023-01-24T19:28:45.037] [WARN] warn - method GET and route http://localhost:8080/src/content/indexSocket.js not implemented
[2023-01-24T19:29:47.406] [WARN] warn - method GET and route http://localhost:8080/content/indexSocket.js not implemented
[2023-01-24T19:30:00.920] [WARN] warn - method GET and route http://localhost:8080/src/content/indexSocket.js not implemented
[2023-01-24T19:30:38.126] [WARN] warn - method GET and route http://localhost:8080/content/indexSocket.js not implemented
[2023-01-24T19:30:44.350] [WARN] warn - method GET and route http://localhost:8080/content/indexSocket.js not implemented
[2023-01-24T19:30:55.311] [WARN] warn - method GET and route http://localhost:8080/indexSocket.js not implemented
[2023-01-24T19:31:00.953] [WARN] warn - method GET and route http://localhost:8080/indexSocket.js not implemented
[2023-01-24T19:31:07.027] [WARN] warn - method GET and route http://localhost:8080/content/indexSocket.js not implemented
[2023-01-24T19:31:51.762] [WARN] warn - method GET and route http://localhost:8080/public/indexSocket.js not implemented
[2023-01-24T19:33:58.282] [WARN] warn - method GET and route http://localhost:8080/content/indexSocket.js not implemented
[2023-01-24T19:34:51.692] [WARN] warn - method GET and route http://localhost:8080/content/indexSocket.js not implemented
[2023-01-24T19:34:58.636] [WARN] warn - method GET and route http://localhost:8080/content/indexSocket.js not implemented
[2023-01-24T19:35:36.949] [WARN] warn - method GET and route http://localhost:8080/content/indexSocket.js not implemented
[2023-01-24T19:36:01.087] [WARN] warn - method GET and route http://localhost:8080/content/indexSocket.js not implemented
[2023-01-24T19:36:09.394] [WARN] warn - method GET and route http://localhost:8080/content/indexSocket.js not implemented
[2023-01-24T19:36:29.435] [WARN] warn - method GET and route http://localhost:8080/content/indexSocket.js not implemented
[2023-01-24T19:38:17.344] [WARN] warn - method GET and route http://localhost:8080/content/indexSocket.js not implemented
[2023-01-24T19:39:16.057] [WARN] warn - method GET and route http://localhost:8080/content/indexSocket.js not implemented
[2023-01-24T19:39:39.619] [WARN] warn - method GET and route http://localhost:8080/content/indexSocket.js not implemented
[2023-01-24T19:39:47.059] [WARN] warn - method GET and route http://localhost:8080/content/indexSocket.js not implemented
